  [1m[36m (1.6ms)[0m  [1mCREATE TABLE "schema_migrations" ("version" varchar NOT NULL) [0m
  [1m[35m (0.1ms)[0m  select sqlite_version(*)
  [1m[36m (1.4ms)[0m  [1mCREATE UNIQUE INDEX "unique_schema_migrations" ON "schema_migrations" ("version")[0m
  [1m[35mActiveRecord::SchemaMigration Load (0.1ms)[0m  SELECT "schema_migrations".* FROM "schema_migrations"
Migrating to CreateUsers (20170419073226)
  [1m[36m (0.1ms)[0m  [1mbegin transaction[0m
  [1m[35m (0.5ms)[0m  CREATE TABLE "users" ("id" INTEGER PRIMARY KEY AUTOINCREMENT NOT NULL, "username" varchar, "password_digest" varchar, "created_at" datetime NOT NULL, "updated_at" datetime NOT NULL) 
  [1m[36mSQL (0.2ms)[0m  [1mINSERT INTO "schema_migrations" ("version") VALUES (?)[0m  [["version", "20170419073226"]]
  [1m[35m (0.9ms)[0m  commit transaction
  [1m[36mActiveRecord::SchemaMigration Load (0.1ms)[0m  [1mSELECT "schema_migrations".* FROM "schema_migrations"[0m
  [1m[36mActiveRecord::SchemaMigration Load (0.1ms)[0m  [1mSELECT "schema_migrations".* FROM "schema_migrations"[0m
Migrating to CreateProfiles (20170419073409)
  [1m[35m (0.2ms)[0m  begin transaction
  [1m[36m (0.5ms)[0m  [1mCREATE TABLE "profiles" ("id" INTEGER PRIMARY KEY AUTOINCREMENT NOT NULL, "gender" varchar, "birth_year" integer, "first_name" varchar, "last_name" varchar, "created_at" datetime NOT NULL, "updated_at" datetime NOT NULL) [0m
  [1m[35mSQL (0.2ms)[0m  INSERT INTO "schema_migrations" ("version") VALUES (?)  [["version", "20170419073409"]]
  [1m[36m (1.1ms)[0m  [1mcommit transaction[0m
  [1m[35mActiveRecord::SchemaMigration Load (0.1ms)[0m  SELECT "schema_migrations".* FROM "schema_migrations"
  [1m[36mActiveRecord::SchemaMigration Load (0.1ms)[0m  [1mSELECT "schema_migrations".* FROM "schema_migrations"[0m
Migrating to CreateTodoLists (20170419073523)
  [1m[35m (0.1ms)[0m  begin transaction
  [1m[36m (1.6ms)[0m  [1mCREATE TABLE "todo_lists" ("id" INTEGER PRIMARY KEY AUTOINCREMENT NOT NULL, "list_name" varchar, "list_due_date" date, "created_at" datetime NOT NULL, "updated_at" datetime NOT NULL) [0m
  [1m[35mSQL (0.2ms)[0m  INSERT INTO "schema_migrations" ("version") VALUES (?)  [["version", "20170419073523"]]
  [1m[36m (0.8ms)[0m  [1mcommit transaction[0m
  [1m[35mActiveRecord::SchemaMigration Load (0.2ms)[0m  SELECT "schema_migrations".* FROM "schema_migrations"
  [1m[36mActiveRecord::SchemaMigration Load (0.1ms)[0m  [1mSELECT "schema_migrations".* FROM "schema_migrations"[0m
Migrating to CreateTodoItems (20170419073638)
  [1m[35m (0.1ms)[0m  begin transaction
  [1m[36m (0.5ms)[0m  [1mCREATE TABLE "todo_items" ("id" INTEGER PRIMARY KEY AUTOINCREMENT NOT NULL, "due_date" date, "title" varchar, "description" text, "completed" boolean, "created_at" datetime NOT NULL, "updated_at" datetime NOT NULL) [0m
  [1m[35mSQL (0.2ms)[0m  INSERT INTO "schema_migrations" ("version") VALUES (?)  [["version", "20170419073638"]]
  [1m[36m (1.0ms)[0m  [1mcommit transaction[0m
  [1m[35mActiveRecord::SchemaMigration Load (0.2ms)[0m  SELECT "schema_migrations".* FROM "schema_migrations"
  [1m[36mUser Load (3.1ms)[0m  [1mSELECT "users".* FROM "users"[0m
  [1m[35mTodoList Load (0.5ms)[0m  SELECT "todo_lists".* FROM "todo_lists"
  [1m[36mUser Load (0.2ms)[0m  [1mSELECT "users".* FROM "users"[0m
  [1m[35mTodoList Load (0.1ms)[0m  SELECT "todo_lists".* FROM "todo_lists"
  [1m[36mUser Load (0.2ms)[0m  [1mSELECT  "users".* FROM "users" WHERE "users"."username" = ? LIMIT 1[0m  [["username", "joesmith"]]
  [1m[35m (0.1ms)[0m  begin transaction
  [1m[36mSQL (1.0ms)[0m  [1mINSERT INTO "users" ("username", "password_digest", "created_at", "updated_at") VALUES (?, ?, ?, ?)[0m  [["username", "joesmith"], ["password_digest", "xxx"], ["created_at", "2017-04-19 07:52:34.284803"], ["updated_at", "2017-04-19 07:52:34.284803"]]
  [1m[35m (1.0ms)[0m  commit transaction
  [1m[36mUser Load (0.1ms)[0m  [1mSELECT  "users".* FROM "users" WHERE "users"."username" = ? LIMIT 1[0m  [["username", "joesmith"]]
  [1m[36mUser Load (2.0ms)[0m  [1mSELECT "users".* FROM "users"[0m
  [1m[35m (0.1ms)[0m  begin transaction
  [1m[36mSQL (1.1ms)[0m  [1mDELETE FROM "users" WHERE "users"."id" = ?[0m  [["id", 1]]
  [1m[35m (1.2ms)[0m  commit transaction
  [1m[36mTodoList Load (0.2ms)[0m  [1mSELECT "todo_lists".* FROM "todo_lists"[0m
  [1m[35mUser Load (0.2ms)[0m  SELECT "users".* FROM "users"
  [1m[36mTodoList Load (0.1ms)[0m  [1mSELECT "todo_lists".* FROM "todo_lists"[0m
  [1m[35mTodoList Load (0.3ms)[0m  SELECT  "todo_lists".* FROM "todo_lists" WHERE "todo_lists"."list_name" = ? LIMIT 1  [["list_name", "mylist"]]
  [1m[36m (0.1ms)[0m  [1mbegin transaction[0m
  [1m[35mSQL (0.7ms)[0m  INSERT INTO "todo_lists" ("list_name", "list_due_date", "created_at", "updated_at") VALUES (?, ?, ?, ?)  [["list_name", "mylist"], ["list_due_date", "2017-04-19"], ["created_at", "2017-04-19 08:08:55.728524"], ["updated_at", "2017-04-19 08:08:55.728524"]]
  [1m[36m (1.2ms)[0m  [1mcommit transaction[0m
  [1m[35mTodoList Load (0.2ms)[0m  SELECT  "todo_lists".* FROM "todo_lists" WHERE "todo_lists"."list_name" = ? LIMIT 1  [["list_name", "mylist"]]
  [1m[36mUser Load (2.1ms)[0m  [1mSELECT "users".* FROM "users"[0m
  [1m[35mTodoList Load (0.2ms)[0m  SELECT "todo_lists".* FROM "todo_lists"
  [1m[36m (0.1ms)[0m  [1mbegin transaction[0m
  [1m[35mSQL (0.5ms)[0m  DELETE FROM "todo_lists" WHERE "todo_lists"."id" = ?  [["id", 1]]
  [1m[36m (0.9ms)[0m  [1mcommit transaction[0m
  [1m[35mUser Load (0.3ms)[0m  SELECT "users".* FROM "users"
  [1m[36mTodoList Load (0.1ms)[0m  [1mSELECT "todo_lists".* FROM "todo_lists"[0m
  [1m[35m (0.1ms)[0m  begin transaction
  [1m[36mSQL (0.5ms)[0m  [1mINSERT INTO "users" ("username", "password_digest", "created_at", "updated_at") VALUES (?, ?, ?, ?)[0m  [["username", "user_0"], ["password_digest", "xxx"], ["created_at", "2017-04-19 08:11:44.736448"], ["updated_at", "2017-04-19 08:11:44.736448"]]
  [1m[35m (1.1ms)[0m  commit transaction
  [1m[36m (0.1ms)[0m  [1mbegin transaction[0m
  [1m[35mSQL (0.3ms)[0m  INSERT INTO "users" ("username", "password_digest", "created_at", "updated_at") VALUES (?, ?, ?, ?)  [["username", "user_1"], ["password_digest", "xxx"], ["created_at", "2017-04-19 08:11:44.740447"], ["updated_at", "2017-04-19 08:11:44.740447"]]
  [1m[36m (1.0ms)[0m  [1mcommit transaction[0m
  [1m[35m (0.1ms)[0m  begin transaction
  [1m[36mSQL (0.3ms)[0m  [1mINSERT INTO "users" ("username", "password_digest", "created_at", "updated_at") VALUES (?, ?, ?, ?)[0m  [["username", "user_2"], ["password_digest", "xxx"], ["created_at", "2017-04-19 08:11:44.743696"], ["updated_at", "2017-04-19 08:11:44.743696"]]
  [1m[35m (0.7ms)[0m  commit transaction
  [1m[36m (0.1ms)[0m  [1mbegin transaction[0m
  [1m[35mSQL (0.3ms)[0m  INSERT INTO "users" ("username", "password_digest", "created_at", "updated_at") VALUES (?, ?, ?, ?)  [["username", "user_3"], ["password_digest", "xxx"], ["created_at", "2017-04-19 08:11:44.746270"], ["updated_at", "2017-04-19 08:11:44.746270"]]
  [1m[36m (0.7ms)[0m  [1mcommit transaction[0m
  [1m[35m (0.1ms)[0m  begin transaction
  [1m[36mSQL (0.3ms)[0m  [1mINSERT INTO "users" ("username", "password_digest", "created_at", "updated_at") VALUES (?, ?, ?, ?)[0m  [["username", "user_4"], ["password_digest", "xxx"], ["created_at", "2017-04-19 08:11:44.748762"], ["updated_at", "2017-04-19 08:11:44.748762"]]
  [1m[35m (1.1ms)[0m  commit transaction
  [1m[36m (0.1ms)[0m  [1mbegin transaction[0m
  [1m[35mSQL (0.3ms)[0m  INSERT INTO "users" ("username", "password_digest", "created_at", "updated_at") VALUES (?, ?, ?, ?)  [["username", "user_5"], ["password_digest", "xxx"], ["created_at", "2017-04-19 08:11:44.751740"], ["updated_at", "2017-04-19 08:11:44.751740"]]
  [1m[36m (0.9ms)[0m  [1mcommit transaction[0m
  [1m[35m (0.1ms)[0m  begin transaction
  [1m[36mSQL (0.3ms)[0m  [1mINSERT INTO "users" ("username", "password_digest", "created_at", "updated_at") VALUES (?, ?, ?, ?)[0m  [["username", "user_6"], ["password_digest", "xxx"], ["created_at", "2017-04-19 08:11:44.755200"], ["updated_at", "2017-04-19 08:11:44.755200"]]
  [1m[35m (1.2ms)[0m  commit transaction
  [1m[36m (0.1ms)[0m  [1mbegin transaction[0m
  [1m[35mSQL (0.4ms)[0m  INSERT INTO "users" ("username", "password_digest", "created_at", "updated_at") VALUES (?, ?, ?, ?)  [["username", "user_7"], ["password_digest", "xxx"], ["created_at", "2017-04-19 08:11:44.758634"], ["updated_at", "2017-04-19 08:11:44.758634"]]
  [1m[36m (1.0ms)[0m  [1mcommit transaction[0m
  [1m[35m (0.1ms)[0m  begin transaction
  [1m[36mSQL (0.3ms)[0m  [1mINSERT INTO "users" ("username", "password_digest", "created_at", "updated_at") VALUES (?, ?, ?, ?)[0m  [["username", "user_8"], ["password_digest", "xxx"], ["created_at", "2017-04-19 08:11:44.762016"], ["updated_at", "2017-04-19 08:11:44.762016"]]
  [1m[35m (1.3ms)[0m  commit transaction
  [1m[36m (0.1ms)[0m  [1mbegin transaction[0m
  [1m[35mSQL (0.4ms)[0m  INSERT INTO "users" ("username", "password_digest", "created_at", "updated_at") VALUES (?, ?, ?, ?)  [["username", "user_9"], ["password_digest", "xxx"], ["created_at", "2017-04-19 08:11:44.766037"], ["updated_at", "2017-04-19 08:11:44.766037"]]
  [1m[36m (1.3ms)[0m  [1mcommit transaction[0m
  [1m[35m (0.1ms)[0m  begin transaction
  [1m[36mSQL (0.4ms)[0m  [1mINSERT INTO "users" ("username", "password_digest", "created_at", "updated_at") VALUES (?, ?, ?, ?)[0m  [["username", "user_10"], ["password_digest", "xxx"], ["created_at", "2017-04-19 08:11:44.770147"], ["updated_at", "2017-04-19 08:11:44.770147"]]
  [1m[35m (1.1ms)[0m  commit transaction
  [1m[36m (0.1ms)[0m  [1mbegin transaction[0m
  [1m[35mSQL (0.3ms)[0m  INSERT INTO "users" ("username", "password_digest", "created_at", "updated_at") VALUES (?, ?, ?, ?)  [["username", "user_11"], ["password_digest", "xxx"], ["created_at", "2017-04-19 08:11:44.773995"], ["updated_at", "2017-04-19 08:11:44.773995"]]
  [1m[36m (2.4ms)[0m  [1mcommit transaction[0m
  [1m[35m (0.1ms)[0m  begin transaction
  [1m[36mSQL (0.3ms)[0m  [1mINSERT INTO "users" ("username", "password_digest", "created_at", "updated_at") VALUES (?, ?, ?, ?)[0m  [["username", "user_12"], ["password_digest", "xxx"], ["created_at", "2017-04-19 08:11:44.778792"], ["updated_at", "2017-04-19 08:11:44.778792"]]
  [1m[35m (1.0ms)[0m  commit transaction
  [1m[36m (0.1ms)[0m  [1mbegin transaction[0m
  [1m[35mSQL (0.2ms)[0m  INSERT INTO "users" ("username", "password_digest", "created_at", "updated_at") VALUES (?, ?, ?, ?)  [["username", "user_13"], ["password_digest", "xxx"], ["created_at", "2017-04-19 08:11:44.781846"], ["updated_at", "2017-04-19 08:11:44.781846"]]
  [1m[36m (1.0ms)[0m  [1mcommit transaction[0m
  [1m[35m (0.1ms)[0m  begin transaction
  [1m[36mSQL (0.3ms)[0m  [1mINSERT INTO "users" ("username", "password_digest", "created_at", "updated_at") VALUES (?, ?, ?, ?)[0m  [["username", "user_14"], ["password_digest", "xxx"], ["created_at", "2017-04-19 08:11:44.784989"], ["updated_at", "2017-04-19 08:11:44.784989"]]
  [1m[35m (1.1ms)[0m  commit transaction
  [1m[36m (0.4ms)[0m  [1mbegin transaction[0m
  [1m[35mSQL (0.9ms)[0m  INSERT INTO "users" ("username", "password_digest", "created_at", "updated_at") VALUES (?, ?, ?, ?)  [["username", "user_15"], ["password_digest", "xxx"], ["created_at", "2017-04-19 08:11:44.790414"], ["updated_at", "2017-04-19 08:11:44.790414"]]
  [1m[36m (1.1ms)[0m  [1mcommit transaction[0m
  [1m[35m (0.1ms)[0m  begin transaction
  [1m[36mSQL (0.3ms)[0m  [1mINSERT INTO "users" ("username", "password_digest", "created_at", "updated_at") VALUES (?, ?, ?, ?)[0m  [["username", "user_16"], ["password_digest", "xxx"], ["created_at", "2017-04-19 08:11:44.796021"], ["updated_at", "2017-04-19 08:11:44.796021"]]
  [1m[35m (0.7ms)[0m  commit transaction
  [1m[36m (0.1ms)[0m  [1mbegin transaction[0m
  [1m[35mSQL (0.2ms)[0m  INSERT INTO "users" ("username", "password_digest", "created_at", "updated_at") VALUES (?, ?, ?, ?)  [["username", "user_17"], ["password_digest", "xxx"], ["created_at", "2017-04-19 08:11:44.798538"], ["updated_at", "2017-04-19 08:11:44.798538"]]
  [1m[36m (0.8ms)[0m  [1mcommit transaction[0m
  [1m[35m (0.1ms)[0m  begin transaction
  [1m[36mSQL (0.3ms)[0m  [1mINSERT INTO "users" ("username", "password_digest", "created_at", "updated_at") VALUES (?, ?, ?, ?)[0m  [["username", "user_18"], ["password_digest", "xxx"], ["created_at", "2017-04-19 08:11:44.801148"], ["updated_at", "2017-04-19 08:11:44.801148"]]
  [1m[35m (0.7ms)[0m  commit transaction
  [1m[36m (0.1ms)[0m  [1mbegin transaction[0m
  [1m[35mSQL (0.3ms)[0m  INSERT INTO "users" ("username", "password_digest", "created_at", "updated_at") VALUES (?, ?, ?, ?)  [["username", "user_19"], ["password_digest", "xxx"], ["created_at", "2017-04-19 08:11:44.803708"], ["updated_at", "2017-04-19 08:11:44.803708"]]
  [1m[36m (0.8ms)[0m  [1mcommit transaction[0m
  [1m[35m (0.1ms)[0m  begin transaction
  [1m[36mSQL (0.4ms)[0m  [1mINSERT INTO "users" ("username", "password_digest", "created_at", "updated_at") VALUES (?, ?, ?, ?)[0m  [["username", "user_20"], ["password_digest", "xxx"], ["created_at", "2017-04-19 08:11:44.806423"], ["updated_at", "2017-04-19 08:11:44.806423"]]
  [1m[35m (0.8ms)[0m  commit transaction
  [1m[36mUser Load (0.7ms)[0m  [1mSELECT  "users".* FROM "users"  ORDER BY "users"."updated_at" ASC LIMIT 10 OFFSET 0[0m
  [1m[35mUser Load (0.2ms)[0m  SELECT  "users".* FROM "users"  ORDER BY "users"."updated_at" ASC LIMIT 5 OFFSET 10
  [1m[36mUser Load (0.3ms)[0m  [1mSELECT "users".* FROM "users"[0m
  [1m[35m (0.1ms)[0m  begin transaction
  [1m[36mSQL (0.4ms)[0m  [1mDELETE FROM "users" WHERE "users"."id" = ?[0m  [["id", 2]]
  [1m[35m (1.2ms)[0m  commit transaction
  [1m[36m (0.1ms)[0m  [1mbegin transaction[0m
  [1m[35mSQL (0.3ms)[0m  DELETE FROM "users" WHERE "users"."id" = ?  [["id", 3]]
  [1m[36m (1.2ms)[0m  [1mcommit transaction[0m
  [1m[35m (0.1ms)[0m  begin transaction
  [1m[36mSQL (0.3ms)[0m  [1mDELETE FROM "users" WHERE "users"."id" = ?[0m  [["id", 4]]
  [1m[35m (1.0ms)[0m  commit transaction
  [1m[36m (0.1ms)[0m  [1mbegin transaction[0m
  [1m[35mSQL (0.2ms)[0m  DELETE FROM "users" WHERE "users"."id" = ?  [["id", 5]]
  [1m[36m (1.1ms)[0m  [1mcommit transaction[0m
  [1m[35m (0.1ms)[0m  begin transaction
  [1m[36mSQL (0.2ms)[0m  [1mDELETE FROM "users" WHERE "users"."id" = ?[0m  [["id", 6]]
  [1m[35m (0.9ms)[0m  commit transaction
  [1m[36m (0.1ms)[0m  [1mbegin transaction[0m
  [1m[35mSQL (0.2ms)[0m  DELETE FROM "users" WHERE "users"."id" = ?  [["id", 7]]
  [1m[36m (0.8ms)[0m  [1mcommit transaction[0m
  [1m[35m (0.1ms)[0m  begin transaction
  [1m[36mSQL (0.2ms)[0m  [1mDELETE FROM "users" WHERE "users"."id" = ?[0m  [["id", 8]]
  [1m[35m (0.9ms)[0m  commit transaction
  [1m[36m (0.5ms)[0m  [1mbegin transaction[0m
  [1m[35mSQL (0.3ms)[0m  DELETE FROM "users" WHERE "users"."id" = ?  [["id", 9]]
  [1m[36m (1.0ms)[0m  [1mcommit transaction[0m
  [1m[35m (0.1ms)[0m  begin transaction
  [1m[36mSQL (0.2ms)[0m  [1mDELETE FROM "users" WHERE "users"."id" = ?[0m  [["id", 10]]
  [1m[35m (1.1ms)[0m  commit transaction
  [1m[36m (0.1ms)[0m  [1mbegin transaction[0m
  [1m[35mSQL (0.2ms)[0m  DELETE FROM "users" WHERE "users"."id" = ?  [["id", 11]]
  [1m[36m (0.9ms)[0m  [1mcommit transaction[0m
  [1m[35m (0.1ms)[0m  begin transaction
  [1m[36mSQL (0.2ms)[0m  [1mDELETE FROM "users" WHERE "users"."id" = ?[0m  [["id", 12]]
  [1m[35m (0.7ms)[0m  commit transaction
  [1m[36m (0.1ms)[0m  [1mbegin transaction[0m
  [1m[35mSQL (0.3ms)[0m  DELETE FROM "users" WHERE "users"."id" = ?  [["id", 13]]
  [1m[36m (1.0ms)[0m  [1mcommit transaction[0m
  [1m[35m (0.1ms)[0m  begin transaction
  [1m[36mSQL (0.2ms)[0m  [1mDELETE FROM "users" WHERE "users"."id" = ?[0m  [["id", 14]]
  [1m[35m (0.8ms)[0m  commit transaction
  [1m[36m (0.4ms)[0m  [1mbegin transaction[0m
  [1m[35mSQL (0.2ms)[0m  DELETE FROM "users" WHERE "users"."id" = ?  [["id", 15]]
  [1m[36m (0.9ms)[0m  [1mcommit transaction[0m
  [1m[35m (0.1ms)[0m  begin transaction
  [1m[36mSQL (0.4ms)[0m  [1mDELETE FROM "users" WHERE "users"."id" = ?[0m  [["id", 16]]
  [1m[35m (1.1ms)[0m  commit transaction
  [1m[36m (0.1ms)[0m  [1mbegin transaction[0m
  [1m[35mSQL (0.2ms)[0m  DELETE FROM "users" WHERE "users"."id" = ?  [["id", 17]]
  [1m[36m (1.0ms)[0m  [1mcommit transaction[0m
  [1m[35m (0.1ms)[0m  begin transaction
  [1m[36mSQL (0.4ms)[0m  [1mDELETE FROM "users" WHERE "users"."id" = ?[0m  [["id", 18]]
  [1m[35m (1.0ms)[0m  commit transaction
  [1m[36m (0.1ms)[0m  [1mbegin transaction[0m
  [1m[35mSQL (0.2ms)[0m  DELETE FROM "users" WHERE "users"."id" = ?  [["id", 19]]
  [1m[36m (0.8ms)[0m  [1mcommit transaction[0m
  [1m[35m (0.1ms)[0m  begin transaction
  [1m[36mSQL (0.3ms)[0m  [1mDELETE FROM "users" WHERE "users"."id" = ?[0m  [["id", 20]]
  [1m[35m (2.6ms)[0m  commit transaction
  [1m[36m (0.5ms)[0m  [1mbegin transaction[0m
  [1m[35mSQL (0.3ms)[0m  DELETE FROM "users" WHERE "users"."id" = ?  [["id", 21]]
  [1m[36m (0.8ms)[0m  [1mcommit transaction[0m
  [1m[35m (0.1ms)[0m  begin transaction
  [1m[36mSQL (1.2ms)[0m  [1mDELETE FROM "users" WHERE "users"."id" = ?[0m  [["id", 22]]
  [1m[35m (1.6ms)[0m  commit transaction
  [1m[36mTodoList Load (0.2ms)[0m  [1mSELECT "todo_lists".* FROM "todo_lists"[0m
  [1m[35mUser Load (0.2ms)[0m  SELECT "users".* FROM "users"
  [1m[36mTodoList Load (0.1ms)[0m  [1mSELECT "todo_lists".* FROM "todo_lists"[0m
  [1m[35m (0.1ms)[0m  begin transaction
  [1m[36mSQL (0.5ms)[0m  [1mINSERT INTO "todo_lists" ("list_name", "list_due_date", "created_at", "updated_at") VALUES (?, ?, ?, ?)[0m  [["list_name", "list_0"], ["list_due_date", "2017-04-19"], ["created_at", "2017-04-19 08:11:44.882190"], ["updated_at", "2017-04-19 08:11:44.882190"]]
  [1m[35m (1.0ms)[0m  commit transaction
  [1m[36m (0.1ms)[0m  [1mbegin transaction[0m
  [1m[35mSQL (0.2ms)[0m  INSERT INTO "todo_lists" ("list_name", "list_due_date", "created_at", "updated_at") VALUES (?, ?, ?, ?)  [["list_name", "list_1"], ["list_due_date", "2017-04-20"], ["created_at", "2017-04-19 08:11:44.886381"], ["updated_at", "2017-04-19 08:11:44.886381"]]
  [1m[36m (0.8ms)[0m  [1mcommit transaction[0m
  [1m[35m (0.1ms)[0m  begin transaction
  [1m[36mSQL (0.3ms)[0m  [1mINSERT INTO "todo_lists" ("list_name", "list_due_date", "created_at", "updated_at") VALUES (?, ?, ?, ?)[0m  [["list_name", "list_2"], ["list_due_date", "2017-04-21"], ["created_at", "2017-04-19 08:11:44.889436"], ["updated_at", "2017-04-19 08:11:44.889436"]]
  [1m[35m (1.0ms)[0m  commit transaction
  [1m[36m (0.1ms)[0m  [1mbegin transaction[0m
  [1m[35mSQL (0.3ms)[0m  INSERT INTO "todo_lists" ("list_name", "list_due_date", "created_at", "updated_at") VALUES (?, ?, ?, ?)  [["list_name", "list_3"], ["list_due_date", "2017-04-22"], ["created_at", "2017-04-19 08:11:44.893049"], ["updated_at", "2017-04-19 08:11:44.893049"]]
  [1m[36m (0.8ms)[0m  [1mcommit transaction[0m
  [1m[35m (0.1ms)[0m  begin transaction
  [1m[36mSQL (0.2ms)[0m  [1mINSERT INTO "todo_lists" ("list_name", "list_due_date", "created_at", "updated_at") VALUES (?, ?, ?, ?)[0m  [["list_name", "list_4"], ["list_due_date", "2017-04-23"], ["created_at", "2017-04-19 08:11:44.896044"], ["updated_at", "2017-04-19 08:11:44.896044"]]
  [1m[35m (1.0ms)[0m  commit transaction
  [1m[36m (0.0ms)[0m  [1mbegin transaction[0m
  [1m[35mSQL (0.2ms)[0m  INSERT INTO "todo_lists" ("list_name", "list_due_date", "created_at", "updated_at") VALUES (?, ?, ?, ?)  [["list_name", "list_5"], ["list_due_date", "2017-04-24"], ["created_at", "2017-04-19 08:11:44.899020"], ["updated_at", "2017-04-19 08:11:44.899020"]]
  [1m[36m (0.8ms)[0m  [1mcommit transaction[0m
  [1m[35m (0.1ms)[0m  begin transaction
  [1m[36mSQL (0.3ms)[0m  [1mINSERT INTO "todo_lists" ("list_name", "list_due_date", "created_at", "updated_at") VALUES (?, ?, ?, ?)[0m  [["list_name", "list_6"], ["list_due_date", "2017-04-25"], ["created_at", "2017-04-19 08:11:44.902393"], ["updated_at", "2017-04-19 08:11:44.902393"]]
  [1m[35m (1.1ms)[0m  commit transaction
  [1m[36m (0.1ms)[0m  [1mbegin transaction[0m
  [1m[35mSQL (0.3ms)[0m  INSERT INTO "todo_lists" ("list_name", "list_due_date", "created_at", "updated_at") VALUES (?, ?, ?, ?)  [["list_name", "list_7"], ["list_due_date", "2017-04-26"], ["created_at", "2017-04-19 08:11:44.907405"], ["updated_at", "2017-04-19 08:11:44.907405"]]
  [1m[36m (0.7ms)[0m  [1mcommit transaction[0m
  [1m[35m (0.1ms)[0m  begin transaction
  [1m[36mSQL (0.3ms)[0m  [1mINSERT INTO "todo_lists" ("list_name", "list_due_date", "created_at", "updated_at") VALUES (?, ?, ?, ?)[0m  [["list_name", "list_8"], ["list_due_date", "2017-04-27"], ["created_at", "2017-04-19 08:11:44.910722"], ["updated_at", "2017-04-19 08:11:44.910722"]]
  [1m[35m (0.9ms)[0m  commit transaction
  [1m[36m (0.1ms)[0m  [1mbegin transaction[0m
  [1m[35mSQL (0.4ms)[0m  INSERT INTO "todo_lists" ("list_name", "list_due_date", "created_at", "updated_at") VALUES (?, ?, ?, ?)  [["list_name", "list_9"], ["list_due_date", "2017-04-28"], ["created_at", "2017-04-19 08:11:44.914379"], ["updated_at", "2017-04-19 08:11:44.914379"]]
  [1m[36m (1.3ms)[0m  [1mcommit transaction[0m
  [1m[35m (0.1ms)[0m  begin transaction
  [1m[36mSQL (0.5ms)[0m  [1mINSERT INTO "todo_lists" ("list_name", "list_due_date", "created_at", "updated_at") VALUES (?, ?, ?, ?)[0m  [["list_name", "list_10"], ["list_due_date", "2017-04-29"], ["created_at", "2017-04-19 08:11:44.918671"], ["updated_at", "2017-04-19 08:11:44.918671"]]
  [1m[35m (0.9ms)[0m  commit transaction
  [1m[36m (0.1ms)[0m  [1mbegin transaction[0m
  [1m[35mSQL (0.5ms)[0m  INSERT INTO "todo_lists" ("list_name", "list_due_date", "created_at", "updated_at") VALUES (?, ?, ?, ?)  [["list_name", "list_11"], ["list_due_date", "2017-04-30"], ["created_at", "2017-04-19 08:11:44.922806"], ["updated_at", "2017-04-19 08:11:44.922806"]]
  [1m[36m (1.1ms)[0m  [1mcommit transaction[0m
  [1m[35m (0.2ms)[0m  begin transaction
  [1m[36mSQL (0.4ms)[0m  [1mINSERT INTO "todo_lists" ("list_name", "list_due_date", "created_at", "updated_at") VALUES (?, ?, ?, ?)[0m  [["list_name", "list_12"], ["list_due_date", "2017-05-01"], ["created_at", "2017-04-19 08:11:44.929368"], ["updated_at", "2017-04-19 08:11:44.929368"]]
  [1m[35m (1.4ms)[0m  commit transaction
  [1m[36m (0.1ms)[0m  [1mbegin transaction[0m
  [1m[35mSQL (0.2ms)[0m  INSERT INTO "todo_lists" ("list_name", "list_due_date", "created_at", "updated_at") VALUES (?, ?, ?, ?)  [["list_name", "list_13"], ["list_due_date", "2017-05-02"], ["created_at", "2017-04-19 08:11:44.932731"], ["updated_at", "2017-04-19 08:11:44.932731"]]
  [1m[36m (1.0ms)[0m  [1mcommit transaction[0m
  [1m[35m (0.1ms)[0m  begin transaction
  [1m[36mSQL (0.3ms)[0m  [1mINSERT INTO "todo_lists" ("list_name", "list_due_date", "created_at", "updated_at") VALUES (?, ?, ?, ?)[0m  [["list_name", "list_14"], ["list_due_date", "2017-05-03"], ["created_at", "2017-04-19 08:11:44.935555"], ["updated_at", "2017-04-19 08:11:44.935555"]]
  [1m[35m (1.7ms)[0m  commit transaction
  [1m[36m (0.3ms)[0m  [1mbegin transaction[0m
  [1m[35mSQL (0.3ms)[0m  INSERT INTO "todo_lists" ("list_name", "list_due_date", "created_at", "updated_at") VALUES (?, ?, ?, ?)  [["list_name", "list_15"], ["list_due_date", "2017-05-04"], ["created_at", "2017-04-19 08:11:44.942520"], ["updated_at", "2017-04-19 08:11:44.942520"]]
  [1m[36m (1.2ms)[0m  [1mcommit transaction[0m
  [1m[35m (0.1ms)[0m  begin transaction
  [1m[36mSQL (0.3ms)[0m  [1mINSERT INTO "todo_lists" ("list_name", "list_due_date", "created_at", "updated_at") VALUES (?, ?, ?, ?)[0m  [["list_name", "list_16"], ["list_due_date", "2017-05-05"], ["created_at", "2017-04-19 08:11:44.946540"], ["updated_at", "2017-04-19 08:11:44.946540"]]
  [1m[35m (1.3ms)[0m  commit transaction
  [1m[36m (0.1ms)[0m  [1mbegin transaction[0m
  [1m[35mSQL (0.4ms)[0m  INSERT INTO "todo_lists" ("list_name", "list_due_date", "created_at", "updated_at") VALUES (?, ?, ?, ?)  [["list_name", "list_17"], ["list_due_date", "2017-05-06"], ["created_at", "2017-04-19 08:11:44.951245"], ["updated_at", "2017-04-19 08:11:44.951245"]]
  [1m[36m (1.1ms)[0m  [1mcommit transaction[0m
  [1m[35m (0.1ms)[0m  begin transaction
  [1m[36mSQL (0.3ms)[0m  [1mINSERT INTO "todo_lists" ("list_name", "list_due_date", "created_at", "updated_at") VALUES (?, ?, ?, ?)[0m  [["list_name", "list_18"], ["list_due_date", "2017-05-07"], ["created_at", "2017-04-19 08:11:44.955859"], ["updated_at", "2017-04-19 08:11:44.955859"]]
  [1m[35m (0.8ms)[0m  commit transaction
  [1m[36m (0.1ms)[0m  [1mbegin transaction[0m
  [1m[35mSQL (0.3ms)[0m  INSERT INTO "todo_lists" ("list_name", "list_due_date", "created_at", "updated_at") VALUES (?, ?, ?, ?)  [["list_name", "list_19"], ["list_due_date", "2017-05-08"], ["created_at", "2017-04-19 08:11:44.959296"], ["updated_at", "2017-04-19 08:11:44.959296"]]
  [1m[36m (0.9ms)[0m  [1mcommit transaction[0m
  [1m[35m (0.1ms)[0m  begin transaction
  [1m[36mSQL (0.3ms)[0m  [1mINSERT INTO "todo_lists" ("list_name", "list_due_date", "created_at", "updated_at") VALUES (?, ?, ?, ?)[0m  [["list_name", "list_20"], ["list_due_date", "2017-05-09"], ["created_at", "2017-04-19 08:11:44.962807"], ["updated_at", "2017-04-19 08:11:44.962807"]]
  [1m[35m (1.0ms)[0m  commit transaction
  [1m[36mTodoList Load (0.3ms)[0m  [1mSELECT  "todo_lists".* FROM "todo_lists"  ORDER BY "todo_lists"."list_due_date" DESC LIMIT 10 OFFSET 0[0m
  [1m[35mTodoList Load (0.2ms)[0m  SELECT  "todo_lists".* FROM "todo_lists"  ORDER BY "todo_lists"."list_due_date" DESC LIMIT 5 OFFSET 10
  [1m[36mUser Load (0.2ms)[0m  [1mSELECT "users".* FROM "users"[0m
  [1m[35mTodoList Load (0.2ms)[0m  SELECT "todo_lists".* FROM "todo_lists"
  [1m[36m (0.1ms)[0m  [1mbegin transaction[0m
  [1m[35mSQL (1.4ms)[0m  DELETE FROM "todo_lists" WHERE "todo_lists"."id" = ?  [["id", 2]]
  [1m[36m (1.2ms)[0m  [1mcommit transaction[0m
  [1m[35m (0.1ms)[0m  begin transaction
  [1m[36mSQL (0.3ms)[0m  [1mDELETE FROM "todo_lists" WHERE "todo_lists"."id" = ?[0m  [["id", 3]]
  [1m[35m (1.0ms)[0m  commit transaction
  [1m[36m (0.0ms)[0m  [1mbegin transaction[0m
  [1m[35mSQL (0.2ms)[0m  DELETE FROM "todo_lists" WHERE "todo_lists"."id" = ?  [["id", 4]]
  [1m[36m (0.7ms)[0m  [1mcommit transaction[0m
  [1m[35m (0.0ms)[0m  begin transaction
  [1m[36mSQL (0.2ms)[0m  [1mDELETE FROM "todo_lists" WHERE "todo_lists"."id" = ?[0m  [["id", 5]]
  [1m[35m (0.9ms)[0m  commit transaction
  [1m[36m (0.0ms)[0m  [1mbegin transaction[0m
  [1m[35mSQL (0.2ms)[0m  DELETE FROM "todo_lists" WHERE "todo_lists"."id" = ?  [["id", 6]]
  [1m[36m (0.9ms)[0m  [1mcommit transaction[0m
  [1m[35m (0.0ms)[0m  begin transaction
  [1m[36mSQL (0.2ms)[0m  [1mDELETE FROM "todo_lists" WHERE "todo_lists"."id" = ?[0m  [["id", 7]]
  [1m[35m (0.9ms)[0m  commit transaction
  [1m[36m (0.1ms)[0m  [1mbegin transaction[0m
  [1m[35mSQL (0.3ms)[0m  DELETE FROM "todo_lists" WHERE "todo_lists"."id" = ?  [["id", 8]]
  [1m[36m (0.8ms)[0m  [1mcommit transaction[0m
  [1m[35m (0.1ms)[0m  begin transaction
  [1m[36mSQL (0.4ms)[0m  [1mDELETE FROM "todo_lists" WHERE "todo_lists"."id" = ?[0m  [["id", 9]]
  [1m[35m (0.8ms)[0m  commit transaction
  [1m[36m (0.1ms)[0m  [1mbegin transaction[0m
  [1m[35mSQL (0.3ms)[0m  DELETE FROM "todo_lists" WHERE "todo_lists"."id" = ?  [["id", 10]]
  [1m[36m (1.8ms)[0m  [1mcommit transaction[0m
  [1m[35m (0.2ms)[0m  begin transaction
  [1m[36mSQL (0.4ms)[0m  [1mDELETE FROM "todo_lists" WHERE "todo_lists"."id" = ?[0m  [["id", 11]]
  [1m[35m (1.0ms)[0m  commit transaction
  [1m[36m (0.1ms)[0m  [1mbegin transaction[0m
  [1m[35mSQL (0.4ms)[0m  DELETE FROM "todo_lists" WHERE "todo_lists"."id" = ?  [["id", 12]]
  [1m[36m (1.0ms)[0m  [1mcommit transaction[0m
  [1m[35m (0.1ms)[0m  begin transaction
  [1m[36mSQL (0.2ms)[0m  [1mDELETE FROM "todo_lists" WHERE "todo_lists"."id" = ?[0m  [["id", 13]]
  [1m[35m (0.8ms)[0m  commit transaction
  [1m[36m (0.1ms)[0m  [1mbegin transaction[0m
  [1m[35mSQL (0.2ms)[0m  DELETE FROM "todo_lists" WHERE "todo_lists"."id" = ?  [["id", 14]]
  [1m[36m (1.0ms)[0m  [1mcommit transaction[0m
  [1m[35m (0.1ms)[0m  begin transaction
  [1m[36mSQL (0.2ms)[0m  [1mDELETE FROM "todo_lists" WHERE "todo_lists"."id" = ?[0m  [["id", 15]]
  [1m[35m (1.0ms)[0m  commit transaction
  [1m[36m (0.2ms)[0m  [1mbegin transaction[0m
  [1m[35mSQL (0.2ms)[0m  DELETE FROM "todo_lists" WHERE "todo_lists"."id" = ?  [["id", 16]]
  [1m[36m (1.1ms)[0m  [1mcommit transaction[0m
  [1m[35m (0.1ms)[0m  begin transaction
  [1m[36mSQL (0.3ms)[0m  [1mDELETE FROM "todo_lists" WHERE "todo_lists"."id" = ?[0m  [["id", 17]]
  [1m[35m (1.0ms)[0m  commit transaction
  [1m[36m (0.1ms)[0m  [1mbegin transaction[0m
  [1m[35mSQL (0.2ms)[0m  DELETE FROM "todo_lists" WHERE "todo_lists"."id" = ?  [["id", 18]]
  [1m[36m (1.0ms)[0m  [1mcommit transaction[0m
  [1m[35m (0.1ms)[0m  begin transaction
  [1m[36mSQL (0.2ms)[0m  [1mDELETE FROM "todo_lists" WHERE "todo_lists"."id" = ?[0m  [["id", 19]]
  [1m[35m (0.6ms)[0m  commit transaction
  [1m[36m (0.1ms)[0m  [1mbegin transaction[0m
  [1m[35mSQL (0.2ms)[0m  DELETE FROM "todo_lists" WHERE "todo_lists"."id" = ?  [["id", 20]]
  [1m[36m (0.8ms)[0m  [1mcommit transaction[0m
  [1m[35m (0.1ms)[0m  begin transaction
  [1m[36mSQL (0.2ms)[0m  [1mDELETE FROM "todo_lists" WHERE "todo_lists"."id" = ?[0m  [["id", 21]]
  [1m[35m (1.0ms)[0m  commit transaction
  [1m[36m (0.2ms)[0m  [1mbegin transaction[0m
  [1m[35mSQL (1.1ms)[0m  DELETE FROM "todo_lists" WHERE "todo_lists"."id" = ?  [["id", 22]]
  [1m[36m (1.6ms)[0m  [1mcommit transaction[0m
  [1m[35mUser Load (0.3ms)[0m  SELECT "users".* FROM "users"
  [1m[36mTodoList Load (0.6ms)[0m  [1mSELECT "todo_lists".* FROM "todo_lists"[0m
  [1m[35mUser Load (0.3ms)[0m  SELECT  "users".* FROM "users" WHERE "users"."username" = ? LIMIT 1  [["username", "joesmith"]]
  [1m[36m (0.1ms)[0m  [1mbegin transaction[0m
  [1m[35mSQL (0.3ms)[0m  INSERT INTO "users" ("username", "password_digest", "created_at", "updated_at") VALUES (?, ?, ?, ?)  [["username", "joesmith"], ["password_digest", "xxx"], ["created_at", "2017-04-19 08:11:55.989154"], ["updated_at", "2017-04-19 08:11:55.989154"]]
  [1m[36m (1.1ms)[0m  [1mcommit transaction[0m
  [1m[35mUser Load (0.2ms)[0m  SELECT  "users".* FROM "users" WHERE "users"."username" = ? LIMIT 1  [["username", "joesmith"]]
  [1m[36mUser Load (0.2ms)[0m  [1mSELECT "users".* FROM "users"[0m
  [1m[35m (0.1ms)[0m  begin transaction
  [1m[36mSQL (0.3ms)[0m  [1mDELETE FROM "users" WHERE "users"."id" = ?[0m  [["id", 23]]
  [1m[35m (1.1ms)[0m  commit transaction
  [1m[36mTodoList Load (0.2ms)[0m  [1mSELECT "todo_lists".* FROM "todo_lists"[0m
  [1m[35mUser Load (0.2ms)[0m  SELECT "users".* FROM "users"
  [1m[36mTodoList Load (0.2ms)[0m  [1mSELECT "todo_lists".* FROM "todo_lists"[0m
  [1m[35mTodoList Load (0.2ms)[0m  SELECT  "todo_lists".* FROM "todo_lists" WHERE "todo_lists"."list_name" = ? LIMIT 1  [["list_name", "mylist"]]
  [1m[36m (0.1ms)[0m  [1mbegin transaction[0m
  [1m[35mSQL (1.2ms)[0m  INSERT INTO "todo_lists" ("list_name", "list_due_date", "created_at", "updated_at") VALUES (?, ?, ?, ?)  [["list_name", "mylist"], ["list_due_date", "2017-04-19"], ["created_at", "2017-04-19 08:11:56.003000"], ["updated_at", "2017-04-19 08:11:56.003000"]]
  [1m[36m (1.6ms)[0m  [1mcommit transaction[0m
  [1m[35mTodoList Load (0.2ms)[0m  SELECT  "todo_lists".* FROM "todo_lists" WHERE "todo_lists"."list_name" = ? LIMIT 1  [["list_name", "mylist"]]
  [1m[36mUser Load (0.3ms)[0m  [1mSELECT "users".* FROM "users"[0m
  [1m[35mTodoList Load (0.2ms)[0m  SELECT "todo_lists".* FROM "todo_lists"
  [1m[36m (0.1ms)[0m  [1mbegin transaction[0m
  [1m[35mSQL (0.4ms)[0m  DELETE FROM "todo_lists" WHERE "todo_lists"."id" = ?  [["id", 23]]
  [1m[36m (0.8ms)[0m  [1mcommit transaction[0m
  [1m[35mUser Load (0.2ms)[0m  SELECT "users".* FROM "users"
  [1m[36mTodoList Load (0.1ms)[0m  [1mSELECT "todo_lists".* FROM "todo_lists"[0m
  [1m[35m (0.9ms)[0m  begin transaction
  [1m[36mSQL (0.3ms)[0m  [1mINSERT INTO "users" ("username", "password_digest", "created_at", "updated_at") VALUES (?, ?, ?, ?)[0m  [["username", "user_0"], ["password_digest", "xxx"], ["created_at", "2017-04-19 08:11:56.022044"], ["updated_at", "2017-04-19 08:11:56.022044"]]
  [1m[35m (1.2ms)[0m  commit transaction
  [1m[36m (0.1ms)[0m  [1mbegin transaction[0m
  [1m[35mSQL (0.4ms)[0m  INSERT INTO "users" ("username", "password_digest", "created_at", "updated_at") VALUES (?, ?, ?, ?)  [["username", "user_1"], ["password_digest", "xxx"], ["created_at", "2017-04-19 08:11:56.025884"], ["updated_at", "2017-04-19 08:11:56.025884"]]
  [1m[36m (1.0ms)[0m  [1mcommit transaction[0m
  [1m[35m (0.1ms)[0m  begin transaction
  [1m[36mSQL (0.5ms)[0m  [1mINSERT INTO "users" ("username", "password_digest", "created_at", "updated_at") VALUES (?, ?, ?, ?)[0m  [["username", "user_2"], ["password_digest", "xxx"], ["created_at", "2017-04-19 08:11:56.029284"], ["updated_at", "2017-04-19 08:11:56.029284"]]
  [1m[35m (1.6ms)[0m  commit transaction
  [1m[36m (0.1ms)[0m  [1mbegin transaction[0m
  [1m[35mSQL (0.3ms)[0m  INSERT INTO "users" ("username", "password_digest", "created_at", "updated_at") VALUES (?, ?, ?, ?)  [["username", "user_3"], ["password_digest", "xxx"], ["created_at", "2017-04-19 08:11:56.033989"], ["updated_at", "2017-04-19 08:11:56.033989"]]
  [1m[36m (1.0ms)[0m  [1mcommit transaction[0m
  [1m[35m (0.1ms)[0m  begin transaction
  [1m[36mSQL (0.3ms)[0m  [1mINSERT INTO "users" ("username", "password_digest", "created_at", "updated_at") VALUES (?, ?, ?, ?)[0m  [["username", "user_4"], ["password_digest", "xxx"], ["created_at", "2017-04-19 08:11:56.037259"], ["updated_at", "2017-04-19 08:11:56.037259"]]
  [1m[35m (1.7ms)[0m  commit transaction
  [1m[36m (0.3ms)[0m  [1mbegin transaction[0m
  [1m[35mSQL (0.4ms)[0m  INSERT INTO "users" ("username", "password_digest", "created_at", "updated_at") VALUES (?, ?, ?, ?)  [["username", "user_5"], ["password_digest", "xxx"], ["created_at", "2017-04-19 08:11:56.043469"], ["updated_at", "2017-04-19 08:11:56.043469"]]
  [1m[36m (1.1ms)[0m  [1mcommit transaction[0m
  [1m[35m (0.1ms)[0m  begin transaction
  [1m[36mSQL (0.3ms)[0m  [1mINSERT INTO "users" ("username", "password_digest", "created_at", "updated_at") VALUES (?, ?, ?, ?)[0m  [["username", "user_6"], ["password_digest", "xxx"], ["created_at", "2017-04-19 08:11:56.048198"], ["updated_at", "2017-04-19 08:11:56.048198"]]
  [1m[35m (1.3ms)[0m  commit transaction
  [1m[36m (0.1ms)[0m  [1mbegin transaction[0m
  [1m[35mSQL (0.3ms)[0m  INSERT INTO "users" ("username", "password_digest", "created_at", "updated_at") VALUES (?, ?, ?, ?)  [["username", "user_7"], ["password_digest", "xxx"], ["created_at", "2017-04-19 08:11:56.051848"], ["updated_at", "2017-04-19 08:11:56.051848"]]
  [1m[36m (1.0ms)[0m  [1mcommit transaction[0m
  [1m[35m (0.1ms)[0m  begin transaction
  [1m[36mSQL (0.2ms)[0m  [1mINSERT INTO "users" ("username", "password_digest", "created_at", "updated_at") VALUES (?, ?, ?, ?)[0m  [["username", "user_8"], ["password_digest", "xxx"], ["created_at", "2017-04-19 08:11:56.055055"], ["updated_at", "2017-04-19 08:11:56.055055"]]
  [1m[35m (0.9ms)[0m  commit transaction
  [1m[36m (0.1ms)[0m  [1mbegin transaction[0m
  [1m[35mSQL (0.4ms)[0m  INSERT INTO "users" ("username", "password_digest", "created_at", "updated_at") VALUES (?, ?, ?, ?)  [["username", "user_9"], ["password_digest", "xxx"], ["created_at", "2017-04-19 08:11:56.058820"], ["updated_at", "2017-04-19 08:11:56.058820"]]
  [1m[36m (1.3ms)[0m  [1mcommit transaction[0m
  [1m[35m (0.1ms)[0m  begin transaction
  [1m[36mSQL (0.3ms)[0m  [1mINSERT INTO "users" ("username", "password_digest", "created_at", "updated_at") VALUES (?, ?, ?, ?)[0m  [["username", "user_10"], ["password_digest", "xxx"], ["created_at", "2017-04-19 08:11:56.063005"], ["updated_at", "2017-04-19 08:11:56.063005"]]
  [1m[35m (1.1ms)[0m  commit transaction
  [1m[36m (0.1ms)[0m  [1mbegin transaction[0m
  [1m[35mSQL (0.3ms)[0m  INSERT INTO "users" ("username", "password_digest", "created_at", "updated_at") VALUES (?, ?, ?, ?)  [["username", "user_11"], ["password_digest", "xxx"], ["created_at", "2017-04-19 08:11:56.066402"], ["updated_at", "2017-04-19 08:11:56.066402"]]
  [1m[36m (2.2ms)[0m  [1mcommit transaction[0m
  [1m[35m (0.1ms)[0m  begin transaction
  [1m[36mSQL (0.4ms)[0m  [1mINSERT INTO "users" ("username", "password_digest", "created_at", "updated_at") VALUES (?, ?, ?, ?)[0m  [["username", "user_12"], ["password_digest", "xxx"], ["created_at", "2017-04-19 08:11:56.071570"], ["updated_at", "2017-04-19 08:11:56.071570"]]
  [1m[35m (1.2ms)[0m  commit transaction
  [1m[36m (0.1ms)[0m  [1mbegin transaction[0m
  [1m[35mSQL (0.3ms)[0m  INSERT INTO "users" ("username", "password_digest", "created_at", "updated_at") VALUES (?, ?, ?, ?)  [["username", "user_13"], ["password_digest", "xxx"], ["created_at", "2017-04-19 08:11:56.075813"], ["updated_at", "2017-04-19 08:11:56.075813"]]
  [1m[36m (0.7ms)[0m  [1mcommit transaction[0m
  [1m[35m (0.1ms)[0m  begin transaction
  [1m[36mSQL (0.3ms)[0m  [1mINSERT INTO "users" ("username", "password_digest", "created_at", "updated_at") VALUES (?, ?, ?, ?)[0m  [["username", "user_14"], ["password_digest", "xxx"], ["created_at", "2017-04-19 08:11:56.079312"], ["updated_at", "2017-04-19 08:11:56.079312"]]
  [1m[35m (0.7ms)[0m  commit transaction
  [1m[36m (0.1ms)[0m  [1mbegin transaction[0m
  [1m[35mSQL (0.3ms)[0m  INSERT INTO "users" ("username", "password_digest", "created_at", "updated_at") VALUES (?, ?, ?, ?)  [["username", "user_15"], ["password_digest", "xxx"], ["created_at", "2017-04-19 08:11:56.082336"], ["updated_at", "2017-04-19 08:11:56.082336"]]
  [1m[36m (0.8ms)[0m  [1mcommit transaction[0m
  [1m[35m (0.1ms)[0m  begin transaction
  [1m[36mSQL (0.3ms)[0m  [1mINSERT INTO "users" ("username", "password_digest", "created_at", "updated_at") VALUES (?, ?, ?, ?)[0m  [["username", "user_16"], ["password_digest", "xxx"], ["created_at", "2017-04-19 08:11:56.085030"], ["updated_at", "2017-04-19 08:11:56.085030"]]
  [1m[35m (0.8ms)[0m  commit transaction
  [1m[36m (0.1ms)[0m  [1mbegin transaction[0m
  [1m[35mSQL (0.9ms)[0m  INSERT INTO "users" ("username", "password_digest", "created_at", "updated_at") VALUES (?, ?, ?, ?)  [["username", "user_17"], ["password_digest", "xxx"], ["created_at", "2017-04-19 08:11:56.088041"], ["updated_at", "2017-04-19 08:11:56.088041"]]
  [1m[36m (1.5ms)[0m  [1mcommit transaction[0m
  [1m[35m (0.1ms)[0m  begin transaction
  [1m[36mSQL (0.3ms)[0m  [1mINSERT INTO "users" ("username", "password_digest", "created_at", "updated_at") VALUES (?, ?, ?, ?)[0m  [["username", "user_18"], ["password_digest", "xxx"], ["created_at", "2017-04-19 08:11:56.094729"], ["updated_at", "2017-04-19 08:11:56.094729"]]
  [1m[35m (1.0ms)[0m  commit transaction
  [1m[36m (0.1ms)[0m  [1mbegin transaction[0m
  [1m[35mSQL (0.5ms)[0m  INSERT INTO "users" ("username", "password_digest", "created_at", "updated_at") VALUES (?, ?, ?, ?)  [["username", "user_19"], ["password_digest", "xxx"], ["created_at", "2017-04-19 08:11:56.097926"], ["updated_at", "2017-04-19 08:11:56.097926"]]
  [1m[36m (1.0ms)[0m  [1mcommit transaction[0m
  [1m[35m (0.1ms)[0m  begin transaction
  [1m[36mSQL (0.3ms)[0m  [1mINSERT INTO "users" ("username", "password_digest", "created_at", "updated_at") VALUES (?, ?, ?, ?)[0m  [["username", "user_20"], ["password_digest", "xxx"], ["created_at", "2017-04-19 08:11:56.102025"], ["updated_at", "2017-04-19 08:11:56.102025"]]
  [1m[35m (1.1ms)[0m  commit transaction
  [1m[36mUser Load (1.9ms)[0m  [1mSELECT  "users".* FROM "users"  ORDER BY "users"."updated_at" ASC LIMIT 10 OFFSET 0[0m
  [1m[35mUser Load (0.3ms)[0m  SELECT  "users".* FROM "users"  ORDER BY "users"."updated_at" ASC LIMIT 5 OFFSET 10
  [1m[36mUser Load (0.6ms)[0m  [1mSELECT "users".* FROM "users"[0m
  [1m[35m (0.3ms)[0m  begin transaction
  [1m[36mSQL (0.2ms)[0m  [1mDELETE FROM "users" WHERE "users"."id" = ?[0m  [["id", 24]]
  [1m[35m (1.1ms)[0m  commit transaction
  [1m[36m (0.1ms)[0m  [1mbegin transaction[0m
  [1m[35mSQL (0.2ms)[0m  DELETE FROM "users" WHERE "users"."id" = ?  [["id", 25]]
  [1m[36m (1.0ms)[0m  [1mcommit transaction[0m
  [1m[35m (0.3ms)[0m  begin transaction
  [1m[36mSQL (0.2ms)[0m  [1mDELETE FROM "users" WHERE "users"."id" = ?[0m  [["id", 26]]
  [1m[35m (0.9ms)[0m  commit transaction
  [1m[36m (0.1ms)[0m  [1mbegin transaction[0m
  [1m[35mSQL (0.4ms)[0m  DELETE FROM "users" WHERE "users"."id" = ?  [["id", 27]]
  [1m[36m (1.1ms)[0m  [1mcommit transaction[0m
  [1m[35m (0.1ms)[0m  begin transaction
  [1m[36mSQL (0.2ms)[0m  [1mDELETE FROM "users" WHERE "users"."id" = ?[0m  [["id", 28]]
  [1m[35m (1.1ms)[0m  commit transaction
  [1m[36m (0.1ms)[0m  [1mbegin transaction[0m
  [1m[35mSQL (0.4ms)[0m  DELETE FROM "users" WHERE "users"."id" = ?  [["id", 29]]
  [1m[36m (1.1ms)[0m  [1mcommit transaction[0m
  [1m[35m (0.1ms)[0m  begin transaction
  [1m[36mSQL (0.2ms)[0m  [1mDELETE FROM "users" WHERE "users"."id" = ?[0m  [["id", 30]]
  [1m[35m (1.0ms)[0m  commit transaction
  [1m[36m (0.1ms)[0m  [1mbegin transaction[0m
  [1m[35mSQL (0.3ms)[0m  DELETE FROM "users" WHERE "users"."id" = ?  [["id", 31]]
  [1m[36m (0.9ms)[0m  [1mcommit transaction[0m
  [1m[35m (0.1ms)[0m  begin transaction
  [1m[36mSQL (0.2ms)[0m  [1mDELETE FROM "users" WHERE "users"."id" = ?[0m  [["id", 32]]
  [1m[35m (0.7ms)[0m  commit transaction
  [1m[36m (0.1ms)[0m  [1mbegin transaction[0m
  [1m[35mSQL (0.2ms)[0m  DELETE FROM "users" WHERE "users"."id" = ?  [["id", 33]]
  [1m[36m (0.9ms)[0m  [1mcommit transaction[0m
  [1m[35m (0.1ms)[0m  begin transaction
  [1m[36mSQL (0.2ms)[0m  [1mDELETE FROM "users" WHERE "users"."id" = ?[0m  [["id", 34]]
  [1m[35m (0.7ms)[0m  commit transaction
  [1m[36m (1.5ms)[0m  [1mbegin transaction[0m
  [1m[35mSQL (0.3ms)[0m  DELETE FROM "users" WHERE "users"."id" = ?  [["id", 35]]
  [1m[36m (1.0ms)[0m  [1mcommit transaction[0m
  [1m[35m (0.1ms)[0m  begin transaction
  [1m[36mSQL (0.2ms)[0m  [1mDELETE FROM "users" WHERE "users"."id" = ?[0m  [["id", 36]]
  [1m[35m (1.0ms)[0m  commit transaction
  [1m[36m (0.1ms)[0m  [1mbegin transaction[0m
  [1m[35mSQL (0.2ms)[0m  DELETE FROM "users" WHERE "users"."id" = ?  [["id", 37]]
  [1m[36m (0.8ms)[0m  [1mcommit transaction[0m
  [1m[35m (0.1ms)[0m  begin transaction
  [1m[36mSQL (0.5ms)[0m  [1mDELETE FROM "users" WHERE "users"."id" = ?[0m  [["id", 38]]
  [1m[35m (0.9ms)[0m  commit transaction
  [1m[36m (0.1ms)[0m  [1mbegin transaction[0m
  [1m[35mSQL (0.2ms)[0m  DELETE FROM "users" WHERE "users"."id" = ?  [["id", 39]]
  [1m[36m (1.2ms)[0m  [1mcommit transaction[0m
  [1m[35m (0.1ms)[0m  begin transaction
  [1m[36mSQL (0.3ms)[0m  [1mDELETE FROM "users" WHERE "users"."id" = ?[0m  [["id", 40]]
  [1m[35m (1.0ms)[0m  commit transaction
  [1m[36m (0.1ms)[0m  [1mbegin transaction[0m
  [1m[35mSQL (0.2ms)[0m  DELETE FROM "users" WHERE "users"."id" = ?  [["id", 41]]
  [1m[36m (0.9ms)[0m  [1mcommit transaction[0m
  [1m[35m (0.1ms)[0m  begin transaction
  [1m[36mSQL (0.2ms)[0m  [1mDELETE FROM "users" WHERE "users"."id" = ?[0m  [["id", 42]]
  [1m[35m (1.9ms)[0m  commit transaction
  [1m[36m (0.1ms)[0m  [1mbegin transaction[0m
  [1m[35mSQL (0.2ms)[0m  DELETE FROM "users" WHERE "users"."id" = ?  [["id", 43]]
  [1m[36m (1.1ms)[0m  [1mcommit transaction[0m
  [1m[35m (0.1ms)[0m  begin transaction
  [1m[36mSQL (0.2ms)[0m  [1mDELETE FROM "users" WHERE "users"."id" = ?[0m  [["id", 44]]
  [1m[35m (1.0ms)[0m  commit transaction
  [1m[36mTodoList Load (0.2ms)[0m  [1mSELECT "todo_lists".* FROM "todo_lists"[0m
  [1m[35mUser Load (0.5ms)[0m  SELECT "users".* FROM "users"
  [1m[36mTodoList Load (0.1ms)[0m  [1mSELECT "todo_lists".* FROM "todo_lists"[0m
  [1m[35m (0.1ms)[0m  begin transaction
  [1m[36mSQL (0.3ms)[0m  [1mINSERT INTO "todo_lists" ("list_name", "list_due_date", "created_at", "updated_at") VALUES (?, ?, ?, ?)[0m  [["list_name", "list_0"], ["list_due_date", "2017-04-19"], ["created_at", "2017-04-19 08:11:56.167985"], ["updated_at", "2017-04-19 08:11:56.167985"]]
  [1m[35m (1.1ms)[0m  commit transaction
  [1m[36m (0.1ms)[0m  [1mbegin transaction[0m
  [1m[35mSQL (1.0ms)[0m  INSERT INTO "todo_lists" ("list_name", "list_due_date", "created_at", "updated_at") VALUES (?, ?, ?, ?)  [["list_name", "list_1"], ["list_due_date", "2017-04-20"], ["created_at", "2017-04-19 08:11:56.171279"], ["updated_at", "2017-04-19 08:11:56.171279"]]
  [1m[36m (1.9ms)[0m  [1mcommit transaction[0m
  [1m[35m (0.1ms)[0m  begin transaction
  [1m[36mSQL (0.4ms)[0m  [1mINSERT INTO "todo_lists" ("list_name", "list_due_date", "created_at", "updated_at") VALUES (?, ?, ?, ?)[0m  [["list_name", "list_2"], ["list_due_date", "2017-04-21"], ["created_at", "2017-04-19 08:11:56.178947"], ["updated_at", "2017-04-19 08:11:56.178947"]]
  [1m[35m (1.1ms)[0m  commit transaction
  [1m[36m (0.1ms)[0m  [1mbegin transaction[0m
  [1m[35mSQL (0.3ms)[0m  INSERT INTO "todo_lists" ("list_name", "list_due_date", "created_at", "updated_at") VALUES (?, ?, ?, ?)  [["list_name", "list_3"], ["list_due_date", "2017-04-22"], ["created_at", "2017-04-19 08:11:56.182401"], ["updated_at", "2017-04-19 08:11:56.182401"]]
  [1m[36m (0.9ms)[0m  [1mcommit transaction[0m
  [1m[35m (0.1ms)[0m  begin transaction
  [1m[36mSQL (0.3ms)[0m  [1mINSERT INTO "todo_lists" ("list_name", "list_due_date", "created_at", "updated_at") VALUES (?, ?, ?, ?)[0m  [["list_name", "list_4"], ["list_due_date", "2017-04-23"], ["created_at", "2017-04-19 08:11:56.185513"], ["updated_at", "2017-04-19 08:11:56.185513"]]
  [1m[35m (0.7ms)[0m  commit transaction
  [1m[36m (0.4ms)[0m  [1mbegin transaction[0m
  [1m[35mSQL (0.3ms)[0m  INSERT INTO "todo_lists" ("list_name", "list_due_date", "created_at", "updated_at") VALUES (?, ?, ?, ?)  [["list_name", "list_5"], ["list_due_date", "2017-04-24"], ["created_at", "2017-04-19 08:11:56.188754"], ["updated_at", "2017-04-19 08:11:56.188754"]]
  [1m[36m (0.7ms)[0m  [1mcommit transaction[0m
  [1m[35m (0.1ms)[0m  begin transaction
  [1m[36mSQL (0.4ms)[0m  [1mINSERT INTO "todo_lists" ("list_name", "list_due_date", "created_at", "updated_at") VALUES (?, ?, ?, ?)[0m  [["list_name", "list_6"], ["list_due_date", "2017-04-25"], ["created_at", "2017-04-19 08:11:56.191679"], ["updated_at", "2017-04-19 08:11:56.191679"]]
  [1m[35m (0.9ms)[0m  commit transaction
  [1m[36m (0.1ms)[0m  [1mbegin transaction[0m
  [1m[35mSQL (0.3ms)[0m  INSERT INTO "todo_lists" ("list_name", "list_due_date", "created_at", "updated_at") VALUES (?, ?, ?, ?)  [["list_name", "list_7"], ["list_due_date", "2017-04-26"], ["created_at", "2017-04-19 08:11:56.195317"], ["updated_at", "2017-04-19 08:11:56.195317"]]
  [1m[36m (0.9ms)[0m  [1mcommit transaction[0m
  [1m[35m (0.1ms)[0m  begin transaction
  [1m[36mSQL (0.3ms)[0m  [1mINSERT INTO "todo_lists" ("list_name", "list_due_date", "created_at", "updated_at") VALUES (?, ?, ?, ?)[0m  [["list_name", "list_8"], ["list_due_date", "2017-04-27"], ["created_at", "2017-04-19 08:11:56.198380"], ["updated_at", "2017-04-19 08:11:56.198380"]]
  [1m[35m (1.4ms)[0m  commit transaction
  [1m[36m (0.1ms)[0m  [1mbegin transaction[0m
  [1m[35mSQL (0.4ms)[0m  INSERT INTO "todo_lists" ("list_name", "list_due_date", "created_at", "updated_at") VALUES (?, ?, ?, ?)  [["list_name", "list_9"], ["list_due_date", "2017-04-28"], ["created_at", "2017-04-19 08:11:56.202642"], ["updated_at", "2017-04-19 08:11:56.202642"]]
  [1m[36m (1.7ms)[0m  [1mcommit transaction[0m
  [1m[35m (0.5ms)[0m  begin transaction
  [1m[36mSQL (0.3ms)[0m  [1mINSERT INTO "todo_lists" ("list_name", "list_due_date", "created_at", "updated_at") VALUES (?, ?, ?, ?)[0m  [["list_name", "list_10"], ["list_due_date", "2017-04-29"], ["created_at", "2017-04-19 08:11:56.209369"], ["updated_at", "2017-04-19 08:11:56.209369"]]
  [1m[35m (1.1ms)[0m  commit transaction
  [1m[36m (0.1ms)[0m  [1mbegin transaction[0m
  [1m[35mSQL (0.3ms)[0m  INSERT INTO "todo_lists" ("list_name", "list_due_date", "created_at", "updated_at") VALUES (?, ?, ?, ?)  [["list_name", "list_11"], ["list_due_date", "2017-04-30"], ["created_at", "2017-04-19 08:11:56.212859"], ["updated_at", "2017-04-19 08:11:56.212859"]]
  [1m[36m (2.5ms)[0m  [1mcommit transaction[0m
  [1m[35m (0.1ms)[0m  begin transaction
  [1m[36mSQL (0.3ms)[0m  [1mINSERT INTO "todo_lists" ("list_name", "list_due_date", "created_at", "updated_at") VALUES (?, ?, ?, ?)[0m  [["list_name", "list_12"], ["list_due_date", "2017-05-01"], ["created_at", "2017-04-19 08:11:56.217962"], ["updated_at", "2017-04-19 08:11:56.217962"]]
  [1m[35m (1.1ms)[0m  commit transaction
  [1m[36m (0.1ms)[0m  [1mbegin transaction[0m
  [1m[35mSQL (0.9ms)[0m  INSERT INTO "todo_lists" ("list_name", "list_due_date", "created_at", "updated_at") VALUES (?, ?, ?, ?)  [["list_name", "list_13"], ["list_due_date", "2017-05-02"], ["created_at", "2017-04-19 08:11:56.221776"], ["updated_at", "2017-04-19 08:11:56.221776"]]
  [1m[36m (1.5ms)[0m  [1mcommit transaction[0m
  [1m[35m (0.1ms)[0m  begin transaction
  [1m[36mSQL (0.3ms)[0m  [1mINSERT INTO "todo_lists" ("list_name", "list_due_date", "created_at", "updated_at") VALUES (?, ?, ?, ?)[0m  [["list_name", "list_14"], ["list_due_date", "2017-05-03"], ["created_at", "2017-04-19 08:11:56.228491"], ["updated_at", "2017-04-19 08:11:56.228491"]]
  [1m[35m (1.1ms)[0m  commit transaction
  [1m[36m (0.1ms)[0m  [1mbegin transaction[0m
  [1m[35mSQL (0.4ms)[0m  INSERT INTO "todo_lists" ("list_name", "list_due_date", "created_at", "updated_at") VALUES (?, ?, ?, ?)  [["list_name", "list_15"], ["list_due_date", "2017-05-04"], ["created_at", "2017-04-19 08:11:56.231757"], ["updated_at", "2017-04-19 08:11:56.231757"]]
  [1m[36m (1.1ms)[0m  [1mcommit transaction[0m
  [1m[35m (0.1ms)[0m  begin transaction
  [1m[36mSQL (0.3ms)[0m  [1mINSERT INTO "todo_lists" ("list_name", "list_due_date", "created_at", "updated_at") VALUES (?, ?, ?, ?)[0m  [["list_name", "list_16"], ["list_due_date", "2017-05-05"], ["created_at", "2017-04-19 08:11:56.235852"], ["updated_at", "2017-04-19 08:11:56.235852"]]
  [1m[35m (1.2ms)[0m  commit transaction
  [1m[36m (0.1ms)[0m  [1mbegin transaction[0m
  [1m[35mSQL (0.4ms)[0m  INSERT INTO "todo_lists" ("list_name", "list_due_date", "created_at", "updated_at") VALUES (?, ?, ?, ?)  [["list_name", "list_17"], ["list_due_date", "2017-05-06"], ["created_at", "2017-04-19 08:11:56.239498"], ["updated_at", "2017-04-19 08:11:56.239498"]]
  [1m[36m (1.0ms)[0m  [1mcommit transaction[0m
  [1m[35m (0.1ms)[0m  begin transaction
  [1m[36mSQL (0.3ms)[0m  [1mINSERT INTO "todo_lists" ("list_name", "list_due_date", "created_at", "updated_at") VALUES (?, ?, ?, ?)[0m  [["list_name", "list_18"], ["list_due_date", "2017-05-07"], ["created_at", "2017-04-19 08:11:56.242984"], ["updated_at", "2017-04-19 08:11:56.242984"]]
  [1m[35m (0.7ms)[0m  commit transaction
  [1m[36m (0.5ms)[0m  [1mbegin transaction[0m
  [1m[35mSQL (0.3ms)[0m  INSERT INTO "todo_lists" ("list_name", "list_due_date", "created_at", "updated_at") VALUES (?, ?, ?, ?)  [["list_name", "list_19"], ["list_due_date", "2017-05-08"], ["created_at", "2017-04-19 08:11:56.246100"], ["updated_at", "2017-04-19 08:11:56.246100"]]
  [1m[36m (1.2ms)[0m  [1mcommit transaction[0m
  [1m[35m (0.1ms)[0m  begin transaction
  [1m[36mSQL (0.3ms)[0m  [1mINSERT INTO "todo_lists" ("list_name", "list_due_date", "created_at", "updated_at") VALUES (?, ?, ?, ?)[0m  [["list_name", "list_20"], ["list_due_date", "2017-05-09"], ["created_at", "2017-04-19 08:11:56.249709"], ["updated_at", "2017-04-19 08:11:56.249709"]]
  [1m[35m (0.8ms)[0m  commit transaction
  [1m[36mTodoList Load (0.2ms)[0m  [1mSELECT  "todo_lists".* FROM "todo_lists"  ORDER BY "todo_lists"."list_due_date" DESC LIMIT 10 OFFSET 0[0m
  [1m[35mTodoList Load (0.3ms)[0m  SELECT  "todo_lists".* FROM "todo_lists"  ORDER BY "todo_lists"."list_due_date" DESC LIMIT 5 OFFSET 10
  [1m[36mUser Load (0.1ms)[0m  [1mSELECT "users".* FROM "users"[0m
  [1m[35mTodoList Load (0.2ms)[0m  SELECT "todo_lists".* FROM "todo_lists"
  [1m[36m (0.0ms)[0m  [1mbegin transaction[0m
  [1m[35mSQL (0.3ms)[0m  DELETE FROM "todo_lists" WHERE "todo_lists"."id" = ?  [["id", 24]]
  [1m[36m (1.0ms)[0m  [1mcommit transaction[0m
  [1m[35m (0.0ms)[0m  begin transaction
  [1m[36mSQL (0.2ms)[0m  [1mDELETE FROM "todo_lists" WHERE "todo_lists"."id" = ?[0m  [["id", 25]]
  [1m[35m (0.9ms)[0m  commit transaction
  [1m[36m (0.1ms)[0m  [1mbegin transaction[0m
  [1m[35mSQL (0.2ms)[0m  DELETE FROM "todo_lists" WHERE "todo_lists"."id" = ?  [["id", 26]]
  [1m[36m (1.0ms)[0m  [1mcommit transaction[0m
  [1m[35m (0.1ms)[0m  begin transaction
  [1m[36mSQL (0.2ms)[0m  [1mDELETE FROM "todo_lists" WHERE "todo_lists"."id" = ?[0m  [["id", 27]]
  [1m[35m (0.9ms)[0m  commit transaction
  [1m[36m (0.1ms)[0m  [1mbegin transaction[0m
  [1m[35mSQL (0.2ms)[0m  DELETE FROM "todo_lists" WHERE "todo_lists"."id" = ?  [["id", 28]]
  [1m[36m (0.9ms)[0m  [1mcommit transaction[0m
  [1m[35m (0.0ms)[0m  begin transaction
  [1m[36mSQL (0.2ms)[0m  [1mDELETE FROM "todo_lists" WHERE "todo_lists"."id" = ?[0m  [["id", 29]]
  [1m[35m (0.8ms)[0m  commit transaction
  [1m[36m (0.1ms)[0m  [1mbegin transaction[0m
  [1m[35mSQL (0.2ms)[0m  DELETE FROM "todo_lists" WHERE "todo_lists"."id" = ?  [["id", 30]]
  [1m[36m (1.0ms)[0m  [1mcommit transaction[0m
  [1m[35m (0.1ms)[0m  begin transaction
  [1m[36mSQL (0.2ms)[0m  [1mDELETE FROM "todo_lists" WHERE "todo_lists"."id" = ?[0m  [["id", 31]]
  [1m[35m (0.8ms)[0m  commit transaction
  [1m[36m (0.1ms)[0m  [1mbegin transaction[0m
  [1m[35mSQL (0.7ms)[0m  DELETE FROM "todo_lists" WHERE "todo_lists"."id" = ?  [["id", 32]]
  [1m[36m (0.9ms)[0m  [1mcommit transaction[0m
  [1m[35m (0.1ms)[0m  begin transaction
  [1m[36mSQL (0.2ms)[0m  [1mDELETE FROM "todo_lists" WHERE "todo_lists"."id" = ?[0m  [["id", 33]]
  [1m[35m (1.2ms)[0m  commit transaction
  [1m[36m (0.1ms)[0m  [1mbegin transaction[0m
  [1m[35mSQL (0.2ms)[0m  DELETE FROM "todo_lists" WHERE "todo_lists"."id" = ?  [["id", 34]]
  [1m[36m (0.9ms)[0m  [1mcommit transaction[0m
  [1m[35m (0.1ms)[0m  begin transaction
  [1m[36mSQL (0.2ms)[0m  [1mDELETE FROM "todo_lists" WHERE "todo_lists"."id" = ?[0m  [["id", 35]]
  [1m[35m (1.1ms)[0m  commit transaction
  [1m[36m (0.1ms)[0m  [1mbegin transaction[0m
  [1m[35mSQL (0.2ms)[0m  DELETE FROM "todo_lists" WHERE "todo_lists"."id" = ?  [["id", 36]]
  [1m[36m (0.8ms)[0m  [1mcommit transaction[0m
  [1m[35m (0.1ms)[0m  begin transaction
  [1m[36mSQL (0.2ms)[0m  [1mDELETE FROM "todo_lists" WHERE "todo_lists"."id" = ?[0m  [["id", 37]]
  [1m[35m (0.7ms)[0m  commit transaction
  [1m[36m (0.1ms)[0m  [1mbegin transaction[0m
  [1m[35mSQL (0.3ms)[0m  DELETE FROM "todo_lists" WHERE "todo_lists"."id" = ?  [["id", 38]]
  [1m[36m (0.9ms)[0m  [1mcommit transaction[0m
  [1m[35m (0.1ms)[0m  begin transaction
  [1m[36mSQL (0.3ms)[0m  [1mDELETE FROM "todo_lists" WHERE "todo_lists"."id" = ?[0m  [["id", 39]]
  [1m[35m (0.8ms)[0m  commit transaction
  [1m[36m (0.7ms)[0m  [1mbegin transaction[0m
  [1m[35mSQL (0.4ms)[0m  DELETE FROM "todo_lists" WHERE "todo_lists"."id" = ?  [["id", 40]]
  [1m[36m (32.0ms)[0m  [1mcommit transaction[0m
  [1m[35m (0.1ms)[0m  begin transaction
  [1m[36mSQL (0.3ms)[0m  [1mDELETE FROM "todo_lists" WHERE "todo_lists"."id" = ?[0m  [["id", 41]]
  [1m[35m (19.5ms)[0m  commit transaction
  [1m[36m (0.1ms)[0m  [1mbegin transaction[0m
  [1m[35mSQL (0.3ms)[0m  DELETE FROM "todo_lists" WHERE "todo_lists"."id" = ?  [["id", 42]]
  [1m[36m (0.9ms)[0m  [1mcommit transaction[0m
  [1m[35m (0.1ms)[0m  begin transaction
  [1m[36mSQL (0.3ms)[0m  [1mDELETE FROM "todo_lists" WHERE "todo_lists"."id" = ?[0m  [["id", 43]]
  [1m[35m (0.8ms)[0m  commit transaction
  [1m[36m (0.1ms)[0m  [1mbegin transaction[0m
  [1m[35mSQL (0.3ms)[0m  DELETE FROM "todo_lists" WHERE "todo_lists"."id" = ?  [["id", 44]]
  [1m[36m (0.8ms)[0m  [1mcommit transaction[0m
  [1m[35mUser Load (0.3ms)[0m  SELECT "users".* FROM "users"
  [1m[36mTodoList Load (0.2ms)[0m  [1mSELECT "todo_lists".* FROM "todo_lists"[0m
  [1m[35m (0.1ms)[0m  begin transaction
  [1m[36mSQL (0.6ms)[0m  [1mINSERT INTO "users" ("username", "password_digest", "created_at", "updated_at") VALUES (?, ?, ?, ?)[0m  [["username", "rich"], ["password_digest", "xxx"], ["created_at", "2017-04-19 08:11:56.355664"], ["updated_at", "2017-04-19 08:11:56.355664"]]
  [1m[35m (107.9ms)[0m  commit transaction
  [1m[36m (0.1ms)[0m  [1mbegin transaction[0m
  [1m[35mSQL (0.4ms)[0m  INSERT INTO "users" ("username", "password_digest", "created_at", "updated_at") VALUES (?, ?, ?, ?)  [["username", "bob"], ["password_digest", "xxx"], ["created_at", "2017-04-19 08:11:56.467814"], ["updated_at", "2017-04-19 08:11:56.467814"]]
  [1m[36m (0.9ms)[0m  [1mcommit transaction[0m
  [1m[35m (0.2ms)[0m  begin transaction
  [1m[36mSQL (0.5ms)[0m  [1mINSERT INTO "users" ("username", "password_digest", "created_at", "updated_at") VALUES (?, ?, ?, ?)[0m  [["username", "joe"], ["password_digest", "xxx"], ["created_at", "2017-04-19 08:11:56.471664"], ["updated_at", "2017-04-19 08:11:56.471664"]]
  [1m[35m (0.8ms)[0m  commit transaction
  [1m[36m (0.1ms)[0m  [1mbegin transaction[0m
  [1m[35mSQL (0.6ms)[0m  INSERT INTO "users" ("username", "password_digest", "created_at", "updated_at") VALUES (?, ?, ?, ?)  [["username", "rich"], ["password_digest", "xxx"], ["created_at", "2017-04-19 08:11:56.475873"], ["updated_at", "2017-04-19 08:11:56.475873"]]
  [1m[36m (1.3ms)[0m  [1mcommit transaction[0m
  [1m[35mUser Load (0.3ms)[0m  SELECT "users".* FROM "users" WHERE "users"."username" = ?  [["username", "rich"]]
  [1m[36mUser Load (0.2ms)[0m  [1mSELECT "users".* FROM "users" WHERE "users"."username" = ?[0m  [["username", "joe"]]
  [1m[35mUser Load (0.4ms)[0m  SELECT "users".* FROM "users"
  [1m[36m (0.1ms)[0m  [1mbegin transaction[0m
  [1m[35mSQL (0.4ms)[0m  DELETE FROM "users" WHERE "users"."id" = ?  [["id", 45]]
  [1m[36m (1.2ms)[0m  [1mcommit transaction[0m
  [1m[35m (0.1ms)[0m  begin transaction
  [1m[36mSQL (0.4ms)[0m  [1mDELETE FROM "users" WHERE "users"."id" = ?[0m  [["id", 46]]
  [1m[35m (1.2ms)[0m  commit transaction
  [1m[36m (0.3ms)[0m  [1mbegin transaction[0m
  [1m[35mSQL (0.5ms)[0m  DELETE FROM "users" WHERE "users"."id" = ?  [["id", 47]]
  [1m[36m (2.1ms)[0m  [1mcommit transaction[0m
  [1m[35m (0.1ms)[0m  begin transaction
  [1m[36mSQL (0.8ms)[0m  [1mDELETE FROM "users" WHERE "users"."id" = ?[0m  [["id", 48]]
  [1m[35m (0.8ms)[0m  commit transaction
  [1m[36mTodoList Load (0.2ms)[0m  [1mSELECT "todo_lists".* FROM "todo_lists"[0m
  [1m[35mUser Load (0.2ms)[0m  SELECT "users".* FROM "users"
  [1m[36mTodoList Load (0.1ms)[0m  [1mSELECT "todo_lists".* FROM "todo_lists"[0m
  [1m[35m (0.1ms)[0m  begin transaction
  [1m[36mSQL (0.4ms)[0m  [1mINSERT INTO "todo_lists" ("list_name", "list_due_date", "created_at", "updated_at") VALUES (?, ?, ?, ?)[0m  [["list_name", "My list"], ["list_due_date", "2017-04-19"], ["created_at", "2017-04-19 08:11:56.513891"], ["updated_at", "2017-04-19 08:11:56.513891"]]
  [1m[35m (0.9ms)[0m  commit transaction
  [1m[36m (0.1ms)[0m  [1mbegin transaction[0m
  [1m[35mSQL (0.3ms)[0m  INSERT INTO "todo_lists" ("list_name", "list_due_date", "created_at", "updated_at") VALUES (?, ?, ?, ?)  [["list_name", "Bob's list"], ["list_due_date", "2017-04-19"], ["created_at", "2017-04-19 08:11:56.517508"], ["updated_at", "2017-04-19 08:11:56.517508"]]
  [1m[36m (2.1ms)[0m  [1mcommit transaction[0m
  [1m[35m (0.1ms)[0m  begin transaction
  [1m[36mSQL (0.5ms)[0m  [1mINSERT INTO "todo_lists" ("list_name", "list_due_date", "created_at", "updated_at") VALUES (?, ?, ?, ?)[0m  [["list_name", "Joe's list"], ["list_due_date", "2017-04-19"], ["created_at", "2017-04-19 08:11:56.521930"], ["updated_at", "2017-04-19 08:11:56.521930"]]
  [1m[35m (1.2ms)[0m  commit transaction
  [1m[36m (0.1ms)[0m  [1mbegin transaction[0m
  [1m[35mSQL (0.5ms)[0m  INSERT INTO "todo_lists" ("list_name", "list_due_date", "created_at", "updated_at") VALUES (?, ?, ?, ?)  [["list_name", "My list"], ["list_due_date", "2017-04-19"], ["created_at", "2017-04-19 08:11:56.526709"], ["updated_at", "2017-04-19 08:11:56.526709"]]
  [1m[36m (3.2ms)[0m  [1mcommit transaction[0m
  [1m[35mTodoList Load (0.3ms)[0m  SELECT "todo_lists".* FROM "todo_lists" WHERE "todo_lists"."list_name" = ?  [["list_name", "My list"]]
  [1m[36mTodoList Load (0.2ms)[0m  [1mSELECT "todo_lists".* FROM "todo_lists" WHERE "todo_lists"."list_name" = ?[0m  [["list_name", "Bob's list"]]
  [1m[35mUser Load (0.3ms)[0m  SELECT "users".* FROM "users"
  [1m[36mTodoList Load (0.3ms)[0m  [1mSELECT "todo_lists".* FROM "todo_lists"[0m
  [1m[35m (0.1ms)[0m  begin transaction
  [1m[36mSQL (0.3ms)[0m  [1mDELETE FROM "todo_lists" WHERE "todo_lists"."id" = ?[0m  [["id", 45]]
  [1m[35m (0.9ms)[0m  commit transaction
  [1m[36m (0.1ms)[0m  [1mbegin transaction[0m
  [1m[35mSQL (0.4ms)[0m  DELETE FROM "todo_lists" WHERE "todo_lists"."id" = ?  [["id", 46]]
  [1m[36m (1.4ms)[0m  [1mcommit transaction[0m
  [1m[35m (0.1ms)[0m  begin transaction
  [1m[36mSQL (0.5ms)[0m  [1mDELETE FROM "todo_lists" WHERE "todo_lists"."id" = ?[0m  [["id", 47]]
  [1m[35m (1.0ms)[0m  commit transaction
  [1m[36m (0.1ms)[0m  [1mbegin transaction[0m
  [1m[35mSQL (0.3ms)[0m  DELETE FROM "todo_lists" WHERE "todo_lists"."id" = ?  [["id", 48]]
  [1m[36m (0.8ms)[0m  [1mcommit transaction[0m
  [1m[35mUser Load (0.2ms)[0m  SELECT "users".* FROM "users"
  [1m[36mTodoList Load (0.1ms)[0m  [1mSELECT "todo_lists".* FROM "todo_lists"[0m
  [1m[35m (0.1ms)[0m  begin transaction
  [1m[36mSQL (0.5ms)[0m  [1mINSERT INTO "users" ("username", "password_digest", "created_at", "updated_at") VALUES (?, ?, ?, ?)[0m  [["username", "joesmith"], ["password_digest", "xxx"], ["created_at", "2017-04-19 08:11:56.552847"], ["updated_at", "2017-04-19 08:11:56.552847"]]
  [1m[35m (0.9ms)[0m  commit transaction
  [1m[36mUser Load (0.2ms)[0m  [1mSELECT  "users".* FROM "users" WHERE "users"."username" = ? LIMIT 1[0m  [["username", "joesmith"]]
  [1m[35mUser Load (0.2ms)[0m  SELECT  "users".* FROM "users" WHERE "users"."id" = ? LIMIT 1  [["id", 49]]
  [1m[36mUser Load (0.2ms)[0m  [1mSELECT "users".* FROM "users"[0m
  [1m[35m (0.1ms)[0m  begin transaction
  [1m[36mSQL (0.3ms)[0m  [1mDELETE FROM "users" WHERE "users"."id" = ?[0m  [["id", 49]]
  [1m[35m (0.9ms)[0m  commit transaction
  [1m[36mTodoList Load (0.2ms)[0m  [1mSELECT "todo_lists".* FROM "todo_lists"[0m
  [1m[35mUser Load (0.1ms)[0m  SELECT "users".* FROM "users"
  [1m[36mTodoList Load (0.1ms)[0m  [1mSELECT "todo_lists".* FROM "todo_lists"[0m
  [1m[35m (0.1ms)[0m  begin transaction
  [1m[36mSQL (0.4ms)[0m  [1mINSERT INTO "todo_lists" ("list_name", "list_due_date", "created_at", "updated_at") VALUES (?, ?, ?, ?)[0m  [["list_name", "my list"], ["list_due_date", "2017-04-19"], ["created_at", "2017-04-19 08:11:56.563568"], ["updated_at", "2017-04-19 08:11:56.563568"]]
  [1m[35m (1.2ms)[0m  commit transaction
  [1m[36mTodoList Load (0.1ms)[0m  [1mSELECT  "todo_lists".* FROM "todo_lists" WHERE "todo_lists"."list_name" = ? LIMIT 1[0m  [["list_name", "my list"]]
  [1m[35mTodoList Load (0.5ms)[0m  SELECT  "todo_lists".* FROM "todo_lists" WHERE "todo_lists"."id" = ? LIMIT 1  [["id", 49]]
  [1m[36mUser Load (0.2ms)[0m  [1mSELECT "users".* FROM "users"[0m
  [1m[35mTodoList Load (0.2ms)[0m  SELECT "todo_lists".* FROM "todo_lists"
  [1m[36m (0.2ms)[0m  [1mbegin transaction[0m
  [1m[35mSQL (0.4ms)[0m  DELETE FROM "todo_lists" WHERE "todo_lists"."id" = ?  [["id", 49]]
  [1m[36m (0.9ms)[0m  [1mcommit transaction[0m
  [1m[35mUser Load (0.2ms)[0m  SELECT "users".* FROM "users"
  [1m[36mTodoList Load (0.1ms)[0m  [1mSELECT "todo_lists".* FROM "todo_lists"[0m
  [1m[35m (0.1ms)[0m  begin transaction
  [1m[36mSQL (0.3ms)[0m  [1mINSERT INTO "users" ("username", "password_digest", "created_at", "updated_at") VALUES (?, ?, ?, ?)[0m  [["username", "joesmith"], ["password_digest", "xxx"], ["created_at", "2017-04-19 08:11:56.579241"], ["updated_at", "2017-04-19 08:11:56.579241"]]
  [1m[35m (0.9ms)[0m  commit transaction
  [1m[36mUser Load (0.2ms)[0m  [1mSELECT  "users".* FROM "users" WHERE "users"."username" = ? LIMIT 1[0m  [["username", "joesmith"]]
  [1m[35mUser Load (0.1ms)[0m  SELECT  "users".* FROM "users" WHERE "users"."id" = ? LIMIT 1  [["id", 50]]
  [1m[36m (0.1ms)[0m  [1mbegin transaction[0m
  [1m[35mSQL (0.4ms)[0m  UPDATE "users" SET "password_digest" = ?, "updated_at" = ? WHERE "users"."id" = ?  [["password_digest", "newpassword"], ["updated_at", "2017-04-19 08:11:56.582862"], ["id", 50]]
  [1m[36m (0.8ms)[0m  [1mcommit transaction[0m
  [1m[35mUser Load (0.2ms)[0m  SELECT  "users".* FROM "users" WHERE "users"."id" = ? LIMIT 1  [["id", 50]]
  [1m[36mUser Load (0.3ms)[0m  [1mSELECT "users".* FROM "users"[0m
  [1m[35m (0.8ms)[0m  begin transaction
  [1m[36mSQL (0.8ms)[0m  [1mDELETE FROM "users" WHERE "users"."id" = ?[0m  [["id", 50]]
  [1m[35m (1.1ms)[0m  commit transaction
  [1m[36mTodoList Load (7.7ms)[0m  [1mSELECT "todo_lists".* FROM "todo_lists"[0m
  [1m[35mUser Load (0.2ms)[0m  SELECT "users".* FROM "users"
  [1m[36mTodoList Load (0.1ms)[0m  [1mSELECT "todo_lists".* FROM "todo_lists"[0m
  [1m[35m (0.0ms)[0m  begin transaction
  [1m[36mSQL (0.7ms)[0m  [1mINSERT INTO "todo_lists" ("list_name", "list_due_date", "created_at", "updated_at") VALUES (?, ?, ?, ?)[0m  [["list_name", "my list"], ["list_due_date", "2017-04-19"], ["created_at", "2017-04-19 08:11:56.604647"], ["updated_at", "2017-04-19 08:11:56.604647"]]
  [1m[35m (2.3ms)[0m  commit transaction
  [1m[36mTodoList Load (0.3ms)[0m  [1mSELECT  "todo_lists".* FROM "todo_lists" WHERE "todo_lists"."list_name" = ? LIMIT 1[0m  [["list_name", "my list"]]
  [1m[35mTodoList Load (0.1ms)[0m  SELECT  "todo_lists".* FROM "todo_lists" WHERE "todo_lists"."id" = ? LIMIT 1  [["id", 50]]
  [1m[36m (0.1ms)[0m  [1mbegin transaction[0m
  [1m[35mSQL (0.3ms)[0m  UPDATE "todo_lists" SET "list_name" = ?, "updated_at" = ? WHERE "todo_lists"."id" = ?  [["list_name", "Big list"], ["updated_at", "2017-04-19 08:11:56.612961"], ["id", 50]]
  [1m[36m (0.8ms)[0m  [1mcommit transaction[0m
  [1m[35mTodoList Load (0.1ms)[0m  SELECT  "todo_lists".* FROM "todo_lists" WHERE "todo_lists"."id" = ? LIMIT 1  [["id", 50]]
  [1m[36mUser Load (0.2ms)[0m  [1mSELECT "users".* FROM "users"[0m
  [1m[35mTodoList Load (0.1ms)[0m  SELECT "todo_lists".* FROM "todo_lists"
  [1m[36m (0.1ms)[0m  [1mbegin transaction[0m
  [1m[35mSQL (0.2ms)[0m  DELETE FROM "todo_lists" WHERE "todo_lists"."id" = ?  [["id", 50]]
  [1m[36m (0.9ms)[0m  [1mcommit transaction[0m
  [1m[35mUser Load (0.2ms)[0m  SELECT "users".* FROM "users"
  [1m[36mTodoList Load (0.1ms)[0m  [1mSELECT "todo_lists".* FROM "todo_lists"[0m
  [1m[35m (0.1ms)[0m  begin transaction
  [1m[36mSQL (1.8ms)[0m  [1mINSERT INTO "users" ("username", "password_digest", "created_at", "updated_at") VALUES (?, ?, ?, ?)[0m  [["username", "deletetest"], ["password_digest", "foobar"], ["created_at", "2017-04-19 08:11:56.621952"], ["updated_at", "2017-04-19 08:11:56.621952"]]
  [1m[35m (1.3ms)[0m  commit transaction
  [1m[36mUser Load (0.1ms)[0m  [1mSELECT  "users".* FROM "users" WHERE "users"."id" = ? LIMIT 1[0m  [["id", 51]]
  [1m[35mUser Load (0.1ms)[0m  SELECT  "users".* FROM "users" WHERE "users"."id" = ? LIMIT 1  [["id", 51]]
  [1m[36mSQL (1.1ms)[0m  [1mDELETE FROM "users" WHERE "users"."id" = ?[0m  [["id", 51]]
  [1m[35mUser Load (0.1ms)[0m  SELECT  "users".* FROM "users" WHERE "users"."id" = ? LIMIT 1  [["id", 51]]
  [1m[36mUser Load (0.2ms)[0m  [1mSELECT "users".* FROM "users"[0m
  [1m[35mTodoList Load (0.1ms)[0m  SELECT "todo_lists".* FROM "todo_lists"
  [1m[36mUser Load (0.4ms)[0m  [1mSELECT "users".* FROM "users"[0m
  [1m[35mTodoList Load (0.2ms)[0m  SELECT "todo_lists".* FROM "todo_lists"
  [1m[36m (0.1ms)[0m  [1mbegin transaction[0m
  [1m[35mSQL (0.3ms)[0m  INSERT INTO "todo_lists" ("list_name", "list_due_date", "created_at", "updated_at") VALUES (?, ?, ?, ?)  [["list_name", "delete list"], ["list_due_date", "2020-01-01"], ["created_at", "2017-04-19 08:11:56.636932"], ["updated_at", "2017-04-19 08:11:56.636932"]]
  [1m[36m (1.2ms)[0m  [1mcommit transaction[0m
  [1m[35mTodoList Load (0.3ms)[0m  SELECT  "todo_lists".* FROM "todo_lists" WHERE "todo_lists"."id" = ? LIMIT 1  [["id", 51]]
  [1m[36mTodoList Load (0.1ms)[0m  [1mSELECT  "todo_lists".* FROM "todo_lists" WHERE "todo_lists"."id" = ? LIMIT 1[0m  [["id", 51]]
  [1m[35mSQL (1.2ms)[0m  DELETE FROM "todo_lists" WHERE "todo_lists"."id" = ?  [["id", 51]]
  [1m[36mTodoList Load (0.1ms)[0m  [1mSELECT  "todo_lists".* FROM "todo_lists" WHERE "todo_lists"."id" = ? LIMIT 1[0m  [["id", 51]]
